<?xml version="1.0" encoding="UTF-8"?>
<!-- Generated by org.testng.reporters.JUnitReportReporter -->
<testsuite skipped="0" hostname="Kranthi-Koura" name="com.Selenium.Testcases.SelectTest" tests="1" failures="0" timestamp="2021-05-25T15:05:49 IST" time="14.471" errors="0">
  <testcase name="Select_Test" time="14.471" classname="com.Selenium.Testcases.SelectTest"/>
  <system-out/>
</testsuite> <!-- com.Selenium.Testcases.SelectTest -->
