<?xml version="1.0" encoding="UTF-8"?>
<!-- Generated by org.testng.reporters.JUnitReportReporter -->
<testsuite skipped="0" hostname="Kranthi-Koura" name="com.jquery.testscases.DroppablePageTest" tests="1" failures="0" timestamp="2021-05-27T19:35:23 IST" time="5.705" errors="0">
  <testcase name="dragAndDrop" time="5.705" classname="com.jquery.testscases.DroppablePageTest"/>
  <system-out/>
</testsuite> <!-- com.jquery.testscases.DroppablePageTest -->
