<?xml version="1.0" encoding="UTF-8"?>
<!-- Generated by org.testng.reporters.JUnitReportReporter -->
<testsuite skipped="0" hostname="Kranthi-Koura" name="com.jquery.testscases.SelectablePageTest" tests="1" failures="0" timestamp="2021-05-27T19:23:29 IST" time="9.399" errors="0">
  <testcase name="selectItems" time="9.399" classname="com.jquery.testscases.SelectablePageTest"/>
  <system-out/>
</testsuite> <!-- com.jquery.testscases.SelectablePageTest -->
