<?xml version="1.0" encoding="UTF-8"?>
<!-- Generated by org.testng.reporters.JUnitReportReporter -->
<testsuite skipped="0" hostname="Kranthi-Koura" name="com.jquery.testscases.ControlgroupPageTest" tests="1" failures="0" timestamp="2021-05-27T19:31:33 IST" time="7.544" errors="0">
  <testcase name="SelectControlPage" time="7.544" classname="com.jquery.testscases.ControlgroupPageTest"/>
  <system-out/>
</testsuite> <!-- com.jquery.testscases.ControlgroupPageTest -->
