<?xml version="1.0" encoding="UTF-8"?>
<!-- Generated by org.testng.reporters.JUnitReportReporter -->
<testsuite skipped="0" hostname="Kranthi-Koura" name="com.RestAssured.Test.PostRequest" tests="1" failures="0" timestamp="2021-05-27T19:25:49 IST" time="4.663" errors="0">
  <testcase name="postTest" time="4.663" classname="com.RestAssured.Test.PostRequest"/>
  <system-out/>
</testsuite> <!-- com.RestAssured.Test.PostRequest -->
