<?xml version="1.0" encoding="UTF-8"?>
<!-- Generated by org.testng.reporters.JUnitReportReporter -->
<testsuite skipped="0" hostname="Kranthi-Koura" name="com.RestAssured.Test.GetRequest" tests="2" failures="0" timestamp="2021-05-27T19:25:49 IST" time="8.803" errors="0">
  <testcase name="test_2" time="4.815" classname="com.RestAssured.Test.GetRequest"/>
  <system-out/>
  <testcase name="testResponsecode" time="3.988" classname="com.RestAssured.Test.GetRequest"/>
  <system-out/>
</testsuite> <!-- com.RestAssured.Test.GetRequest -->
